E:\SCTM\STM20180424\LMT2018\SRC\OUTPUT\BIN\DEBUG\ASN1DECODE.DLL
E:\SCTM\STM20180424\LMT2018\Src\Output\Bin\Debug\Asn1Decode.exp
E:\SCTM\STM20180424\LMT2018\SRC\OUTPUT\BIN\DEBUG\ASN1DECODE.ILK
E:\SCTM\STM20180424\LMT2018\Src\Output\Bin\Debug\Asn1Decode.lib
E:\SCTM\STM20180424\LMT2018\SRC\OUTPUT\BIN\DEBUG\ASN1DECODE.PDB
E:\SCTM\STM20180424\LMT2018\SRC\SCMT\ASN1DECODE\DEBUG\ASN1DECODER.OBJ
E:\SCTM\STM20180424\LMT2018\SRC\SCMT\ASN1DECODE\DEBUG\COMMONFUNCITON.OBJ
E:\SCTM\STM20180424\LMT2018\SRC\SCMT\ASN1DECODE\DEBUG\NASDECODER.OBJ
E:\SCTM\STM20180424\LMT2018\SRC\SCMT\ASN1DECODE\DEBUG\RRC.OBJ
E:\SCTM\STM20180424\LMT2018\SRC\SCMT\ASN1DECODE\DEBUG\RRCDECODER.OBJ
E:\SCTM\STM20180424\LMT2018\SRC\SCMT\ASN1DECODE\DEBUG\S1AP.OBJ
E:\SCTM\STM20180424\LMT2018\SRC\SCMT\ASN1DECODE\DEBUG\S1DECODER.OBJ
E:\SCTM\STM20180424\LMT2018\SRC\SCMT\ASN1DECODE\DEBUG\VC100.PDB
E:\SCTM\STM20180424\LMT2018\SRC\SCMT\ASN1DECODE\DEBUG\X2_HANDOVER_DECODE.OBJ
E:\SCTM\STM20180424\LMT2018\SRC\SCMT\ASN1DECODE\DEBUG\X2_HANDOVER_RRC_DECODE.OBJ
E:\SCTM\STM20180424\LMT2018\SRC\SCMT\ASN1DECODE\DEBUG\X2AP.OBJ
E:\SCTM\STM20180424\LMT2018\SRC\SCMT\ASN1DECODE\DEBUG\X2DECODER.OBJ
E:\SCTM\STM20180426\LMT2018\SRC\SCMT\OUTPUT\BIN\DEBUG\ASN1DECODE.DLL
E:\SCTM\STM20180426\LMT2018\Src\SCMT\Output\Bin\Debug\Asn1Decode.exp
E:\SCTM\STM20180426\LMT2018\SRC\SCMT\OUTPUT\BIN\DEBUG\ASN1DECODE.ILK
E:\SCTM\STM20180426\LMT2018\Src\SCMT\Output\Bin\Debug\Asn1Decode.lib
E:\SCTM\STM20180426\LMT2018\SRC\SCMT\OUTPUT\BIN\DEBUG\ASN1DECODE.PDB
E:\SCTM\STM20180426\LMT2018\SRC\SCMT\PARSEMESSAGE\ASN1DECODE\DEBUG\ASN1DECODER.OBJ
E:\SCTM\STM20180426\LMT2018\SRC\SCMT\PARSEMESSAGE\ASN1DECODE\DEBUG\COMMONFUNCITON.OBJ
E:\SCTM\STM20180426\LMT2018\SRC\SCMT\PARSEMESSAGE\ASN1DECODE\DEBUG\NASDECODER.OBJ
E:\SCTM\STM20180426\LMT2018\SRC\SCMT\PARSEMESSAGE\ASN1DECODE\DEBUG\RRC.OBJ
E:\SCTM\STM20180426\LMT2018\SRC\SCMT\PARSEMESSAGE\ASN1DECODE\DEBUG\RRCDECODER.OBJ
E:\SCTM\STM20180426\LMT2018\SRC\SCMT\PARSEMESSAGE\ASN1DECODE\DEBUG\S1AP.OBJ
E:\SCTM\STM20180426\LMT2018\SRC\SCMT\PARSEMESSAGE\ASN1DECODE\DEBUG\S1DECODER.OBJ
E:\SCTM\STM20180426\LMT2018\SRC\SCMT\PARSEMESSAGE\ASN1DECODE\DEBUG\VC100.PDB
E:\SCTM\STM20180426\LMT2018\SRC\SCMT\PARSEMESSAGE\ASN1DECODE\DEBUG\X2_HANDOVER_DECODE.OBJ
E:\SCTM\STM20180426\LMT2018\SRC\SCMT\PARSEMESSAGE\ASN1DECODE\DEBUG\X2_HANDOVER_RRC_DECODE.OBJ
E:\SCTM\STM20180426\LMT2018\SRC\SCMT\PARSEMESSAGE\ASN1DECODE\DEBUG\X2AP.OBJ
E:\SCTM\STM20180426\LMT2018\SRC\SCMT\PARSEMESSAGE\ASN1DECODE\DEBUG\X2DECODER.OBJ
E:\SCTM\STM20180427\LMT2018\Src\SCMT\ParseMessage\Asn1Decode\Debug\Asn1Decode.write.1.tlog
E:\SCTM\STM20180427\LMT2018\Src\SCMT\ParseMessage\Asn1Decode\Debug\Asn1Decoder.obj
E:\SCTM\STM20180427\LMT2018\Src\SCMT\ParseMessage\Asn1Decode\Debug\cl.command.1.tlog
E:\SCTM\STM20180427\LMT2018\Src\SCMT\ParseMessage\Asn1Decode\Debug\CL.read.1.tlog
E:\SCTM\STM20180427\LMT2018\Src\SCMT\ParseMessage\Asn1Decode\Debug\CL.write.1.tlog
E:\SCTM\STM20180427\LMT2018\Src\SCMT\ParseMessage\Asn1Decode\Debug\CommonFunciton.obj
E:\SCTM\STM20180427\LMT2018\Src\SCMT\ParseMessage\Asn1Decode\Debug\link.command.1.tlog
E:\SCTM\STM20180427\LMT2018\Src\SCMT\ParseMessage\Asn1Decode\Debug\link.read.1.tlog
E:\SCTM\STM20180427\LMT2018\Src\SCMT\ParseMessage\Asn1Decode\Debug\link.write.1.tlog
E:\SCTM\STM20180427\LMT2018\Src\SCMT\ParseMessage\Asn1Decode\Debug\NasDecoder.obj
E:\SCTM\STM20180427\LMT2018\Src\SCMT\ParseMessage\Asn1Decode\Debug\rrc.obj
E:\SCTM\STM20180427\LMT2018\Src\SCMT\ParseMessage\Asn1Decode\Debug\RRCDecoder.obj
E:\SCTM\STM20180427\LMT2018\Src\SCMT\ParseMessage\Asn1Decode\Debug\s1ap.obj
E:\SCTM\STM20180427\LMT2018\Src\SCMT\ParseMessage\Asn1Decode\Debug\S1Decoder.obj
E:\SCTM\STM20180427\LMT2018\Src\SCMT\ParseMessage\Asn1Decode\Debug\vc100.idb
E:\SCTM\STM20180427\LMT2018\Src\SCMT\ParseMessage\Asn1Decode\Debug\vc100.pdb
E:\SCTM\STM20180427\LMT2018\Src\SCMT\ParseMessage\Asn1Decode\Debug\vc140.idb
E:\SCTM\STM20180427\LMT2018\Src\SCMT\ParseMessage\Asn1Decode\Debug\vc140.pdb
E:\SCTM\STM20180427\LMT2018\Src\SCMT\ParseMessage\Asn1Decode\Debug\x2_handover_decode.obj
E:\SCTM\STM20180427\LMT2018\Src\SCMT\ParseMessage\Asn1Decode\Debug\x2_handover_rrc_decode.obj
E:\SCTM\STM20180427\LMT2018\Src\SCMT\ParseMessage\Asn1Decode\Debug\x2ap.obj
E:\SCTM\STM20180427\LMT2018\Src\SCMT\ParseMessage\Asn1Decode\Debug\X2Decoder.obj
