C:\Program Files\MSBuild\Microsoft.Cpp\v4.0\Microsoft.CppBuild.targets(299,5): warning MSB8004: Output 目录未以斜杠结尾。此生成实例将添加斜杠，因为必须有这个斜杠才能正确计算 Output 目录。
  x2_handover_rrc_decode.c
  x2_handover_decode.c
  X2Decoder.c
  x2ap.c
  S1Decoder.c
  s1ap.c
  RRCDecoder.c
  rrc.c
  NasDecoder.c
e:\sctm\stm20180427\lmt2018\src\scmt\parsemessage\asn1decode\nasdecoder.c(33): warning C4028: 形参 2 与声明不同
e:\sctm\stm20180427\lmt2018\src\scmt\parsemessage\asn1decode\nasdecoder.c(36): warning C4133: “=”: 从“void (__cdecl *)()”到“NAS_LOG_FUNC_PT”的类型不兼容
e:\sctm\stm20180427\lmt2018\src\scmt\parsemessage\asn1decode\nasdecoder.c(37): warning C4028: 形参 2 与声明不同
e:\sctm\stm20180427\lmt2018\src\scmt\parsemessage\asn1decode\nasdecoder.c(37): warning C4996: 'sprintf': This function or variable may be unsafe. Consider using sprintf_s instead. To disable deprecation, use _CRT_SECURE_NO_WARNINGS. See online help for details.
          d:\program files\microsoft visual studio 10.0\vc\include\stdio.h(371) : 参见“sprintf”的声明
e:\sctm\stm20180427\lmt2018\src\scmt\parsemessage\asn1decode\nasdecoder.c(38): warning C4028: 形参 2 与声明不同
e:\sctm\stm20180427\lmt2018\src\scmt\parsemessage\asn1decode\nasdecoder.c(38): warning C4996: 'vsprintf': This function or variable may be unsafe. Consider using vsprintf_s instead. To disable deprecation, use _CRT_SECURE_NO_WARNINGS. See online help for details.
          d:\program files\microsoft visual studio 10.0\vc\include\stdio.h(371) : 参见“vsprintf”的声明
e:\sctm\stm20180427\lmt2018\src\scmt\parsemessage\asn1decode\nasdecoder.c(42): warning C4028: 形参 1 与声明不同
e:\sctm\stm20180427\lmt2018\src\scmt\parsemessage\asn1decode\nasdecoder.c(43): warning C4028: 形参 1 与声明不同
  CommonFunciton.c
e:\sctm\stm20180427\lmt2018\src\scmt\parsemessage\asn1decode\commonfunciton.c(34): warning C4996: 'vsprintf': This function or variable may be unsafe. Consider using vsprintf_s instead. To disable deprecation, use _CRT_SECURE_NO_WARNINGS. See online help for details.
          d:\program files\microsoft visual studio 10.0\vc\include\stdio.h(371) : 参见“vsprintf”的声明
  Asn1Decoder.c
e:\sctm\stm20180427\lmt2018\src\scmt\parsemessage\asn1decode\asn1decoder.c(44): warning C4996: 'strcpy': This function or variable may be unsafe. Consider using strcpy_s instead. To disable deprecation, use _CRT_SECURE_NO_WARNINGS. See online help for details.
          d:\program files\microsoft visual studio 10.0\vc\include\string.h(105) : 参见“strcpy”的声明
e:\sctm\stm20180427\lmt2018\src\scmt\parsemessage\asn1decode\asn1decoder.c(50): warning C4996: 'strcpy': This function or variable may be unsafe. Consider using strcpy_s instead. To disable deprecation, use _CRT_SECURE_NO_WARNINGS. See online help for details.
          d:\program files\microsoft visual studio 10.0\vc\include\string.h(105) : 参见“strcpy”的声明
e:\sctm\stm20180427\lmt2018\src\scmt\parsemessage\asn1decode\asn1decoder.c(81): warning C4996: 'strcpy': This function or variable may be unsafe. Consider using strcpy_s instead. To disable deprecation, use _CRT_SECURE_NO_WARNINGS. See online help for details.
          d:\program files\microsoft visual studio 10.0\vc\include\string.h(105) : 参见“strcpy”的声明
e:\sctm\stm20180427\lmt2018\src\scmt\parsemessage\asn1decode\asn1decoder.c(87): warning C4996: 'strcpy': This function or variable may be unsafe. Consider using strcpy_s instead. To disable deprecation, use _CRT_SECURE_NO_WARNINGS. See online help for details.
          d:\program files\microsoft visual studio 10.0\vc\include\string.h(105) : 参见“strcpy”的声明
e:\sctm\stm20180427\lmt2018\src\scmt\parsemessage\asn1decode\asn1decoder.c(119): warning C4996: 'strcpy': This function or variable may be unsafe. Consider using strcpy_s instead. To disable deprecation, use _CRT_SECURE_NO_WARNINGS. See online help for details.
          d:\program files\microsoft visual studio 10.0\vc\include\string.h(105) : 参见“strcpy”的声明
e:\sctm\stm20180427\lmt2018\src\scmt\parsemessage\asn1decode\asn1decoder.c(125): warning C4996: 'strcpy': This function or variable may be unsafe. Consider using strcpy_s instead. To disable deprecation, use _CRT_SECURE_NO_WARNINGS. See online help for details.
          d:\program files\microsoft visual studio 10.0\vc\include\string.h(105) : 参见“strcpy”的声明
  正在生成代码...
     正在创建库 ..\..\Output\Bin\Debug\Asn1Decode.lib 和对象 ..\..\Output\Bin\Debug\Asn1Decode.exp
nas_cbb.lib(nas_cbb.obj) : warning LNK4099: 未找到 PDB“vc60.pdb”(使用“nas_cbb.lib(nas_cbb.obj)”或在“E:\SCTM\STM20180427\LMT2018\Src\SCMT\Output\Bin\Debug\vc60.pdb”中寻找)；正在链接对象，如同没有调试信息一样
nas_cbb.lib(nas_cbb_adapt.obj) : warning LNK4099: 未找到 PDB“vc60.pdb”(使用“nas_cbb.lib(nas_cbb_adapt.obj)”或在“E:\SCTM\STM20180427\LMT2018\Src\SCMT\Output\Bin\Debug\vc60.pdb”中寻找)；正在链接对象，如同没有调试信息一样
nas_cbb.lib(nas_cbb_ie.obj) : warning LNK4099: 未找到 PDB“vc60.pdb”(使用“nas_cbb.lib(nas_cbb_ie.obj)”或在“E:\SCTM\STM20180427\LMT2018\Src\SCMT\Output\Bin\Debug\vc60.pdb”中寻找)；正在链接对象，如同没有调试信息一样
nas_cbb.lib(nas_cbb_msg.obj) : warning LNK4099: 未找到 PDB“vc60.pdb”(使用“nas_cbb.lib(nas_cbb_msg.obj)”或在“E:\SCTM\STM20180427\LMT2018\Src\SCMT\Output\Bin\Debug\vc60.pdb”中寻找)；正在链接对象，如同没有调试信息一样
nas_cbb.lib(nas_cbb_oam.obj) : warning LNK4099: 未找到 PDB“vc60.pdb”(使用“nas_cbb.lib(nas_cbb_oam.obj)”或在“E:\SCTM\STM20180427\LMT2018\Src\SCMT\Output\Bin\Debug\vc60.pdb”中寻找)；正在链接对象，如同没有调试信息一样
nas_cbb.lib(nas_cbb_printf.obj) : warning LNK4099: 未找到 PDB“vc60.pdb”(使用“nas_cbb.lib(nas_cbb_printf.obj)”或在“E:\SCTM\STM20180427\LMT2018\Src\SCMT\Output\Bin\Debug\vc60.pdb”中寻找)；正在链接对象，如同没有调试信息一样
  Asn1Decode.vcxproj -> E:\SCTM\STM20180427\LMT2018\Src\SCMT\ParseMessage\Asn1Decode\..\..\Output\Bin\Debug\Asn1Decode.dll
