..\..\Output\Bin\Release\Asn1Decode.pdb
D:\gongzuomulu\CDLV4\20180413\CDLBrowser\CDLBrowser\Asn1Decode\..\..\Output\Bin\Release\Asn1Decode.dll
D:\gongzuomulu\CDLV4\20180413\CDLBrowser\CDLBrowser\Asn1Decode\Release\Asn1Decode.vcxprojResolveAssemblyReference.cache
D:\gongzuomulu\CDLV4\20180413\CDLBrowser\CDLBrowser\Asn1Decode\Release\Asn1Decode.write.1.tlog
D:\GONGZUOMULU\CDLV4\20180413\CDLBROWSER\CDLBROWSER\ASN1DECODE\RELEASE\ASN1DECODER.OBJ
D:\gongzuomulu\CDLV4\20180413\CDLBrowser\CDLBrowser\Asn1Decode\Release\cl.command.1.tlog
D:\gongzuomulu\CDLV4\20180413\CDLBrowser\CDLBrowser\Asn1Decode\Release\CL.read.1.tlog
D:\gongzuomulu\CDLV4\20180413\CDLBrowser\CDLBrowser\Asn1Decode\Release\CL.write.1.tlog
D:\GONGZUOMULU\CDLV4\20180413\CDLBROWSER\CDLBROWSER\ASN1DECODE\RELEASE\COMMONFUNCITON.OBJ
D:\gongzuomulu\CDLV4\20180413\CDLBrowser\CDLBrowser\Asn1Decode\Release\link.command.1.tlog
D:\gongzuomulu\CDLV4\20180413\CDLBrowser\CDLBrowser\Asn1Decode\Release\link.read.1.tlog
D:\gongzuomulu\CDLV4\20180413\CDLBrowser\CDLBrowser\Asn1Decode\Release\link.write.1.tlog
D:\GONGZUOMULU\CDLV4\20180413\CDLBROWSER\CDLBROWSER\ASN1DECODE\RELEASE\NASDECODER.OBJ
D:\GONGZUOMULU\CDLV4\20180413\CDLBROWSER\CDLBROWSER\ASN1DECODE\RELEASE\RRC.OBJ
D:\GONGZUOMULU\CDLV4\20180413\CDLBROWSER\CDLBROWSER\ASN1DECODE\RELEASE\RRCDECODER.OBJ
D:\GONGZUOMULU\CDLV4\20180413\CDLBROWSER\CDLBROWSER\ASN1DECODE\RELEASE\S1AP.OBJ
D:\GONGZUOMULU\CDLV4\20180413\CDLBROWSER\CDLBROWSER\ASN1DECODE\RELEASE\S1DECODER.OBJ
D:\GONGZUOMULU\CDLV4\20180413\CDLBROWSER\CDLBROWSER\ASN1DECODE\RELEASE\VC100.PDB
D:\GONGZUOMULU\CDLV4\20180413\CDLBROWSER\CDLBROWSER\ASN1DECODE\RELEASE\X2_HANDOVER_DECODE.OBJ
D:\GONGZUOMULU\CDLV4\20180413\CDLBROWSER\CDLBROWSER\ASN1DECODE\RELEASE\X2_HANDOVER_RRC_DECODE.OBJ
D:\GONGZUOMULU\CDLV4\20180413\CDLBROWSER\CDLBROWSER\ASN1DECODE\RELEASE\X2AP.OBJ
D:\GONGZUOMULU\CDLV4\20180413\CDLBROWSER\CDLBROWSER\ASN1DECODE\RELEASE\X2DECODER.OBJ
D:\GONGZUOMULU\CDLV4\20180413\CDLBROWSER\OUTPUT\BIN\RELEASE\ASN1DECODE.DLL
D:\gongzuomulu\CDLV4\20180413\CDLBrowser\Output\Bin\Release\Asn1Decode.exp
D:\gongzuomulu\CDLV4\20180413\CDLBrowser\Output\Bin\Release\Asn1Decode.lib
D:\GONGZUOMULU\CDLV4\20180413\CDLBROWSER\OUTPUT\BIN\RELEASE\ASN1DECODE.PDB
