生成启动时间为 2018/4/13 17:13:43。
     1>项目“D:\gongzuomulu\CDLV4\20180413\CDLBrowser\CDLBrowser\Asn1Decode\Asn1Decode.vcxproj”在节点 2 上(rebuild 个目标)。
     1>_PrepareForClean:
         正在删除文件“Release\Asn1Decode.lastbuildstate”。
     1>C:\Program Files\MSBuild\Microsoft.Cpp\v4.0\Microsoft.CppBuild.targets(299,5): warning MSB8004: Output 目录未以斜杠结尾。此生成实例将添加斜杠，因为必须有这个斜杠才能正确计算 Output 目录。
       InitializeBuildStatus:
         正在创建“Release\Asn1Decode.unsuccessfulbuild”，因为已指定“AlwaysCreate”。
       ClCompile:
         D:\Program Files\Microsoft Visual Studio 10.0\VC\bin\CL.exe /c /Zi /nologo /W3 /WX- /O2 /Oi /Oy- /GL /D _WINDLL /D _WINDLL /D _MBCS /D DECODER_DLL_EXPORT /D L3_SWITCH_WINDOWS /Gm- /EHsc /MD /GS /Gy /fp:precise /Zc:wchar_t /Zc:forScope /Fo"Release\\" /Fd"Release\vc100.pdb" /Gd /TC /analyze- /errorReport:prompt Asn1Decoder.c CommonFunciton.c NasDecoder.c rrc.c RRCDecoder.c s1ap.c S1Decoder.c x2ap.c X2Decoder.c x2_handover_decode.c x2_handover_rrc_decode.c
         Asn1Decoder.c
     1>Asn1Decoder.c(44): warning C4996: 'strcpy': This function or variable may be unsafe. Consider using strcpy_s instead. To disable deprecation, use _CRT_SECURE_NO_WARNINGS. See online help for details.
     1>Asn1Decoder.c(50): warning C4996: 'strcpy': This function or variable may be unsafe. Consider using strcpy_s instead. To disable deprecation, use _CRT_SECURE_NO_WARNINGS. See online help for details.
     1>Asn1Decoder.c(81): warning C4996: 'strcpy': This function or variable may be unsafe. Consider using strcpy_s instead. To disable deprecation, use _CRT_SECURE_NO_WARNINGS. See online help for details.
     1>Asn1Decoder.c(87): warning C4996: 'strcpy': This function or variable may be unsafe. Consider using strcpy_s instead. To disable deprecation, use _CRT_SECURE_NO_WARNINGS. See online help for details.
     1>Asn1Decoder.c(119): warning C4996: 'strcpy': This function or variable may be unsafe. Consider using strcpy_s instead. To disable deprecation, use _CRT_SECURE_NO_WARNINGS. See online help for details.
     1>Asn1Decoder.c(125): warning C4996: 'strcpy': This function or variable may be unsafe. Consider using strcpy_s instead. To disable deprecation, use _CRT_SECURE_NO_WARNINGS. See online help for details.
         CommonFunciton.c
     1>CommonFunciton.c(34): warning C4996: 'vsprintf': This function or variable may be unsafe. Consider using vsprintf_s instead. To disable deprecation, use _CRT_SECURE_NO_WARNINGS. See online help for details.
                 D:\Program Files\Microsoft Visual Studio 10.0\VC\include\stdio.h(371) : 参见“vsprintf”的声明
         NasDecoder.c
     1>NasDecoder.c(33): warning C4028: 形参 2 与声明不同
     1>NasDecoder.c(36): warning C4133: “=”: 从“void (__cdecl *)()”到“NAS_LOG_FUNC_PT”的类型不兼容
     1>NasDecoder.c(37): warning C4028: 形参 2 与声明不同
     1>NasDecoder.c(37): warning C4996: 'sprintf': This function or variable may be unsafe. Consider using sprintf_s instead. To disable deprecation, use _CRT_SECURE_NO_WARNINGS. See online help for details.
                 D:\Program Files\Microsoft Visual Studio 10.0\VC\include\stdio.h(371) : 参见“sprintf”的声明
     1>NasDecoder.c(38): warning C4028: 形参 2 与声明不同
     1>NasDecoder.c(38): warning C4996: 'vsprintf': This function or variable may be unsafe. Consider using vsprintf_s instead. To disable deprecation, use _CRT_SECURE_NO_WARNINGS. See online help for details.
                 D:\Program Files\Microsoft Visual Studio 10.0\VC\include\stdio.h(371) : 参见“vsprintf”的声明
     1>NasDecoder.c(42): warning C4028: 形参 1 与声明不同
     1>NasDecoder.c(43): warning C4028: 形参 1 与声明不同
         rrc.c
         RRCDecoder.c
         s1ap.c
         S1Decoder.c
         x2ap.c
         X2Decoder.c
         x2_handover_decode.c
         x2_handover_rrc_decode.c
       Link:
         D:\Program Files\Microsoft Visual Studio 10.0\VC\bin\link.exe /ERRORREPORT:PROMPT /OUT:"..\..\Output\Bin\Release\Asn1Decode.dll" /NOLOGO soeddemd.lib nas_cbb.lib ws2_32.lib kernel32.lib user32.lib gdi32.lib winspool.lib comdlg32.lib advapi32.lib shell32.lib ole32.lib oleaut32.lib uuid.lib odbc32.lib odbccp32.lib /NODEFAULTLIB:LIBCD.lib /MANIFEST:NO /DEBUG /PDB:"D:\gongzuomulu\CDLV4\20180413\CDLBrowser\Output\Bin\Release\Asn1Decode.pdb" /OPT:REF /OPT:ICF /LTCG /TLBID:1 /DYNAMICBASE /NXCOMPAT /IMPLIB:"..\..\Output\Bin\Release\Asn1Decode.lib" /MACHINE:X86 /DLL Release\Asn1Decoder.obj
         Release\CommonFunciton.obj
         Release\NasDecoder.obj
         Release\rrc.obj
         Release\RRCDecoder.obj
         Release\s1ap.obj
         Release\S1Decoder.obj
         Release\x2ap.obj
         Release\X2Decoder.obj
         Release\x2_handover_decode.obj
         Release\x2_handover_rrc_decode.obj
     1>nas_cbb.lib(nas_cbb_adapt.obj) : warning LNK4075: 忽略“/EDITANDCONTINUE”(由于“/OPT:ICF”规范)
            正在创建库 ..\..\Output\Bin\Release\Asn1Decode.lib 和对象 ..\..\Output\Bin\Release\Asn1Decode.exp
         正在生成代码
         已完成代码的生成
     1>nas_cbb.lib(nas_cbb.obj) : warning LNK4099: 未找到 PDB“vc60.pdb”(使用“nas_cbb.lib(nas_cbb.obj)”或在“D:\gongzuomulu\CDLV4\20180413\CDLBrowser\Output\Bin\Release\vc60.pdb”中寻找)；正在链接对象，如同没有调试信息一样
     1>nas_cbb.lib(nas_cbb_adapt.obj) : warning LNK4099: 未找到 PDB“vc60.pdb”(使用“nas_cbb.lib(nas_cbb_adapt.obj)”或在“D:\gongzuomulu\CDLV4\20180413\CDLBrowser\Output\Bin\Release\vc60.pdb”中寻找)；正在链接对象，如同没有调试信息一样
     1>nas_cbb.lib(nas_cbb_ie.obj) : warning LNK4099: 未找到 PDB“vc60.pdb”(使用“nas_cbb.lib(nas_cbb_ie.obj)”或在“D:\gongzuomulu\CDLV4\20180413\CDLBrowser\Output\Bin\Release\vc60.pdb”中寻找)；正在链接对象，如同没有调试信息一样
     1>nas_cbb.lib(nas_cbb_msg.obj) : warning LNK4099: 未找到 PDB“vc60.pdb”(使用“nas_cbb.lib(nas_cbb_msg.obj)”或在“D:\gongzuomulu\CDLV4\20180413\CDLBrowser\Output\Bin\Release\vc60.pdb”中寻找)；正在链接对象，如同没有调试信息一样
     1>nas_cbb.lib(nas_cbb_oam.obj) : warning LNK4099: 未找到 PDB“vc60.pdb”(使用“nas_cbb.lib(nas_cbb_oam.obj)”或在“D:\gongzuomulu\CDLV4\20180413\CDLBrowser\Output\Bin\Release\vc60.pdb”中寻找)；正在链接对象，如同没有调试信息一样
     1>nas_cbb.lib(nas_cbb_printf.obj) : warning LNK4099: 未找到 PDB“vc60.pdb”(使用“nas_cbb.lib(nas_cbb_printf.obj)”或在“D:\gongzuomulu\CDLV4\20180413\CDLBrowser\Output\Bin\Release\vc60.pdb”中寻找)；正在链接对象，如同没有调试信息一样
         Asn1Decode.vcxproj -> D:\gongzuomulu\CDLV4\20180413\CDLBrowser\CDLBrowser\Asn1Decode\..\..\Output\Bin\Release\Asn1Decode.dll
       FinalizeBuildStatus:
         正在删除文件“Release\Asn1Decode.unsuccessfulbuild”。
         正在对“Release\Asn1Decode.lastbuildstate”执行 Touch 任务。
     1>已完成生成项目“D:\gongzuomulu\CDLV4\20180413\CDLBrowser\CDLBrowser\Asn1Decode\Asn1Decode.vcxproj”(rebuild 个目标)的操作。

生成成功。

已用时间 00:00:12.18
